0 info it worked if it ends with ok
1 verbose cli [ 'C:\\Program Files\\nodejs\\node.exe',
1 verbose cli   'C:\\Program Files\\nodejs\\node_modules\\npm\\bin\\npm-cli.js',
1 verbose cli   'bugs',
1 verbose cli   'grammar-bot' ]
2 info using npm@2.15.11
3 info using node@v4.8.7
4 silly mapToRegistry name grammar-bot
5 silly mapToRegistry using default registry
6 silly mapToRegistry registry https://registry.npmjs.org/
7 silly mapToRegistry data Result {
7 silly mapToRegistry   raw: 'grammar-bot',
7 silly mapToRegistry   scope: null,
7 silly mapToRegistry   name: 'grammar-bot',
7 silly mapToRegistry   rawSpec: '',
7 silly mapToRegistry   spec: 'latest',
7 silly mapToRegistry   type: 'tag' }
8 silly mapToRegistry uri https://registry.npmjs.org/grammar-bot
9 verbose request uri https://registry.npmjs.org/grammar-bot/latest
10 verbose request no auth needed
11 info attempt registry request try #1 at 2:23:33 PM
12 verbose request id d7e69acfabbcff96
13 http request GET https://registry.npmjs.org/grammar-bot/latest
14 http 404 https://registry.npmjs.org/grammar-bot/latest
15 verbose headers { date: 'Fri, 13 Dec 2019 20:23:41 GMT',
15 verbose headers   'content-type': 'application/json',
15 verbose headers   'content-length': '11',
15 verbose headers   connection: 'keep-alive',
15 verbose headers   'set-cookie': [ '__cfduid=dd24055e620e23db9570b615948ec4a991576268621; expires=Sun, 12-Jan-20 20:23:41 GMT; path=/; domain=.npmjs.org; HttpOnly' ],
15 verbose headers   'cf-ray': '544aa8436ee5c647-MSP',
15 verbose headers   'cf-cache-status': 'DYNAMIC',
15 verbose headers   'expect-ct': 'max-age=604800, report-uri="https://report-uri.cloudflare.com/cdn-cgi/beacon/expect-ct"',
15 verbose headers   vary: 'Accept-Encoding',
15 verbose headers   server: 'cloudflare' }
16 silly get cb [ 404,
16 silly get   { date: 'Fri, 13 Dec 2019 20:23:41 GMT',
16 silly get     'content-type': 'application/json',
16 silly get     'content-length': '11',
16 silly get     connection: 'keep-alive',
16 silly get     'set-cookie': [ '__cfduid=dd24055e620e23db9570b615948ec4a991576268621; expires=Sun, 12-Jan-20 20:23:41 GMT; path=/; domain=.npmjs.org; HttpOnly' ],
16 silly get     'cf-ray': '544aa8436ee5c647-MSP',
16 silly get     'cf-cache-status': 'DYNAMIC',
16 silly get     'expect-ct': 'max-age=604800, report-uri="https://report-uri.cloudflare.com/cdn-cgi/beacon/expect-ct"',
16 silly get     vary: 'Accept-Encoding',
16 silly get     server: 'cloudflare' } ]
17 verbose stack Error: Registry returned 404 for GET on https://registry.npmjs.org/grammar-bot/latest
17 verbose stack     at makeError (C:\Program Files\nodejs\node_modules\npm\node_modules\npm-registry-client\lib\request.js:302:12)
17 verbose stack     at CachingRegistryClient.<anonymous> (C:\Program Files\nodejs\node_modules\npm\node_modules\npm-registry-client\lib\request.js:280:14)
17 verbose stack     at Request._callback (C:\Program Files\nodejs\node_modules\npm\node_modules\npm-registry-client\lib\request.js:210:14)
17 verbose stack     at Request.self.callback (C:\Program Files\nodejs\node_modules\npm\node_modules\request\request.js:187:22)
17 verbose stack     at emitTwo (events.js:87:13)
17 verbose stack     at Request.emit (events.js:172:7)
17 verbose stack     at Request.<anonymous> (C:\Program Files\nodejs\node_modules\npm\node_modules\request\request.js:1044:10)
17 verbose stack     at emitOne (events.js:77:13)
17 verbose stack     at Request.emit (events.js:169:7)
17 verbose stack     at IncomingMessage.<anonymous> (C:\Program Files\nodejs\node_modules\npm\node_modules\request\request.js:965:12)
18 verbose statusCode 404
19 verbose pkgid grammar-bot
20 verbose cwd C:\DiscordTestBot\DiscordTestBot
21 error Windows_NT 10.0.18362
22 error argv "C:\\Program Files\\nodejs\\node.exe" "C:\\Program Files\\nodejs\\node_modules\\npm\\bin\\npm-cli.js" "bugs" "grammar-bot"
23 error node v4.8.7
24 error npm  v2.15.11
25 error code E404
26 error 404 Registry returned 404 for GET on https://registry.npmjs.org/grammar-bot/latest
26 error 404
26 error 404 'grammar-bot' is not in the npm registry.
26 error 404 You should bug the author to publish it (or use the name yourself!)
26 error 404
26 error 404 Note that you can also install from a
26 error 404 tarball, folder, http url, or git url.
27 verbose exit [ 1, true ]
